16:06:38 | Running 3 tests...
16:06:38 | test #1: EXPECT
16:16:35 | 5 tests
16:17:19 | 5 tests
16:55:10 | Running 3 tests...
16:55:10 | test #1: EXPECT
TRUE (EXPECT-FROM-STR OK +OK) -> T

TRUE (EXPECT-FROM-STR PONG +PONG) -> T

STRING= 10$ (EXPECT-FROM-STR INLINE +10$) -> T

NULL (EXPECT-FROM-STR BOOLEAN +0$) -> T

= 10 (EXPECT-FROM-STR INTEGER +10) -> T

STRING= abc (EXPECT-FROM-STR BULK (FORMAT NIL +3~aabc +RTLF+)) -> T

EQUAL '(a ) (EXPECT-FROM-STR MULTI
                             (FORMAT NIL +2~a$1~aa~a$0~a +RTLF+ +RTLF+ +RTLF+
                                     +RTLF+)) -> T

EQUAL '(a b c) (EXPECT-FROM-STR LIST (FORMAT NIL +5~aa b c +RTLF+)) -> T

16:55:10 | test #1 result: T

16:55:10 | test #2: COMMANDS
TRUE (RED-PING) -> T

TRUE (RED-SELECT 15) -> T

TRUE (RED-FLUSHDB) -> T

TRUE (RED-PING) -> T

TRUE (RED-SELECT 15) -> T

TRUE (RED-FLUSHDB) -> T

TRUE (RED-SET y 1) -> T

STRING= 1 (RED-GETSET y 2) -> T

STRING= 2 (RED-GET y) -> T

TRUE (RED-SET z 3) -> T

EQUAL '(2 3) (RED-MGET y z) -> T

EQUAL '(2 NIL) (RED-MGET y a) -> T

NULL (RED-SETNX z 3) -> T

TRUE (RED-SETNX u 3) -> T

= 4 (RED-INCR u) -> T

= 6 (RED-INCRBY u 2) -> T

= 5 (RED-DECR u) -> T

= 3 (RED-DECRBY u 2) -> T

TRUE (RED-EXISTS u) -> T

NULL (RED-EXISTS v) -> T

TRUE (RED-DEL u) -> T

NULL (RED-EXISTS u) -> T

STRING= none (RED-TYPE u) -> T

STRING= string (RED-TYPE z) -> T

EQUAL '(y z) (RED-KEYS *) -> T

TRUE (RED-RENAME z a) -> T

STRING= 3 (RED-GET a) -> T

NULL (RED-RENAMENX y a) -> T

TRUE (RED-RENAMENX y b) -> T

= 2 (RED-DBSIZE) -> T

TRUE (RED-EXPIRE b 1) -> T

NULL (PROGN (SLEEP 2) (RED-GET b)) -> T

NULL (RED-EXPIRE b 1) -> T

STRING= a (RED-RANDOMKEY) -> T

TRUE (RED-EXPIRE a 600) -> T

< 595 (RED-TTL a) -> T

TRUE (RED-RPUSH l 1) -> T

TRUE (RED-RPUSH l 1) -> T

TRUE (RED-RPUSH l 1) -> T

= 3 (RED-LREM l 0 1) -> T

= 0 (RED-LREM l 0 a) -> T

TRUE (RED-LPUSH l 1) -> T

TRUE (RED-LPUSH l 0) -> T

= 2 (RED-LLEN l) -> T

EQUAL '(0 1) (RED-LRANGE l 0 1) -> T

EQUAL '(0) (RED-LRANGE l 0 0) -> T

EQUAL '(0 1) (RED-LRANGE l 0 2) -> T

EQUAL '(0 1) (RED-LRANGE l 0 10) -> T

EQUAL '(1) (RED-LRANGE l 1 1) -> T

NULL (RED-LRANGE l 2 1) -> T

NULL (RED-LRANGE l 2 3) -> T

STRING= 0 (RED-LINDEX l 0) -> T

TRUE (RED-LSET l 0 a) -> T

EQUAL '(a 1) (RED-LRANGE l 0 10) -> T

TRUE (RED-LTRIM l 0 0) -> T

EQUAL '(a) (RED-LRANGE l 0 10) -> T

TRUE (RED-LTRIM l 2 3) -> T

NULL (RED-LRANGE l 0 10) -> T

TRUE (RED-LPUSH l 2) -> T

TRUE (RED-RPUSH l 3) -> T

TRUE (RED-RPUSH l 4) -> T

STRING= 2 (RED-LPOP l) -> T

STRING= 4 (RED-RPOP l) -> T

TRUE (RED-SADD s 1) -> T

NULL (RED-SADD s 1) -> T

TRUE (RED-SADD s 2) -> T

FIND-S '(2 1) (RED-SPOP s) -> T

TRUE (OR (RED-SADD s 2) (RED-SADD s 1)) -> T

TRUE (RED-SREM s 1) -> T

STRING= 2 (RED-SPOP s) -> T

NULL (RED-SPOP s) -> T

TRUE (RED-SADD s 2) -> T

TRUE (RED-SISMEMBER s 2) -> T

TRUE (RED-SADD s 1) -> T

TRUE (RED-SMOVE s s2 1) -> T

TRUE (RED-SISMEMBER s2 1) -> T

NULL (RED-SMOVE s s2 3) -> T

NULL (RED-SISMEMBER s2 3) -> T

TRUE (RED-SADD s 1) -> T

TRUE (RED-SMOVE s s2 1) -> T

= 1 (RED-SCARD s) -> T

NULL (RED-SINTER s s2) -> T

TRUE (RED-SADD s 1) -> T

EQUAL '(1) (RED-SINTER s s2) -> T

TRUE (RED-SINTERSTORE s3 s s2) -> T

EQUAL '(1) (RED-SMEMBERS s3) -> T

EQUAL '(1 2) (RED-SUNION s s2) -> T

TRUE (RED-SUNIONSTORE s4 s s2) -> T

EQUAL '(1 2) (RED-SMEMBERS s4) -> T

EQUAL '(2) (RED-SDIFF s4 s3) -> T

TRUE (RED-SDIFFSTORE s5 s4 s3) -> T

EQUAL '(2) (RED-SMEMBERS s5) -> T

TRUE (RED-SAVE) -> T

TRUE (RED-BGSAVE) -> T

INTEGERP (RED-LASTSAVE) -> T

TRUE (RED-FLUSHDB) -> T

16:55:12 | test #2 result: T

16:55:12 | test #3: SORT
TRUE (RED-PING) -> T

TRUE (RED-SELECT 15) -> T

TRUE (RED-FLUSHDB) -> T

TRUE (RED-RPUSH numbers 1) -> T

TRUE (RED-RPUSH numbers 2) -> T

TRUE (RED-RPUSH numbers 3) -> T

TRUE (RED-SET object_1 o1) -> T

TRUE (RED-SET object_2 o2) -> T

TRUE (RED-SET object_3 o3) -> T

TRUE (RED-SET weight_1 47) -> T

TRUE (RED-SET weight_2 13) -> T

TRUE (RED-SET weight_3 32) -> T

EQUAL '(1 2 3) (RED-SORT numbers) -> T

EQUAL '(3 2 1) (RED-SORT numbers DESC T) -> T

EQUAL '(2 3 1) (RED-SORT numbers BY weight_*) -> T

EQUAL '(o2 o3 o1) (RED-SORT numbers BY weight_* GET object_*) -> T

EQUAL '(o1 o3 o2) (RED-SORT numbers BY weight_* GET object_* DESC T) -> T

TRUE (RED-FLUSHDB) -> T

16:55:12 | test #3 result: T

17:00:38 | Running 3 tests...
17:00:38 | test #1: EXPECT
TRUE (EXPECT-FROM-STR OK +OK) -> T

TRUE (EXPECT-FROM-STR PONG +PONG) -> T

STRING= 10$ (EXPECT-FROM-STR INLINE +10$) -> T

NULL (EXPECT-FROM-STR BOOLEAN +0$) -> T

= 10 (EXPECT-FROM-STR INTEGER +10) -> T

STRING= abc (EXPECT-FROM-STR BULK (FORMAT NIL +3~aabc +RTLF+)) -> T

EQUAL '(a ) (EXPECT-FROM-STR MULTI
                             (FORMAT NIL +2~a$1~aa~a$0~a +RTLF+ +RTLF+ +RTLF+
                                     +RTLF+)) -> T

EQUAL '(a b c) (EXPECT-FROM-STR LIST (FORMAT NIL +5~aa b c +RTLF+)) -> T

17:00:38 | test #1 result: T

17:00:38 | test #2: COMMANDS
TRUE (RED-PING) -> T

TRUE (RED-SELECT 15) -> T

TRUE (RED-FLUSHDB) -> T

TRUE (RED-PING) -> T

TRUE (RED-SELECT 15) -> T

TRUE (RED-FLUSHDB) -> T

TRUE (RED-SET y 1) -> T

STRING= 1 (RED-GETSET y 2) -> T

STRING= 2 (RED-GET y) -> T

TRUE (RED-SET z 3) -> T

EQUAL '(2 3) (RED-MGET y z) -> T

EQUAL '(2 NIL) (RED-MGET y a) -> T

NULL (RED-SETNX z 3) -> T

TRUE (RED-SETNX u 3) -> T

= 4 (RED-INCR u) -> T

= 6 (RED-INCRBY u 2) -> T

= 5 (RED-DECR u) -> T

= 3 (RED-DECRBY u 2) -> T

TRUE (RED-EXISTS u) -> T

NULL (RED-EXISTS v) -> T

TRUE (RED-DEL u) -> T

NULL (RED-EXISTS u) -> T

STRING= none (RED-TYPE u) -> T

STRING= string (RED-TYPE z) -> T

EQUAL '(y z) (RED-KEYS *) -> T

TRUE (RED-RENAME z a) -> T

STRING= 3 (RED-GET a) -> T

NULL (RED-RENAMENX y a) -> T

TRUE (RED-RENAMENX y b) -> T

= 2 (RED-DBSIZE) -> T

TRUE (RED-EXPIRE b 1) -> T

NULL (PROGN (SLEEP 2) (RED-GET b)) -> T

NULL (RED-EXPIRE b 1) -> T

STRING= a (RED-RANDOMKEY) -> T

TRUE (RED-EXPIRE a 600) -> T

< 595 (RED-TTL a) -> T

TRUE (RED-RPUSH l 1) -> T

TRUE (RED-RPUSH l 1) -> T

TRUE (RED-RPUSH l 1) -> T

= 3 (RED-LREM l 0 1) -> T

= 0 (RED-LREM l 0 a) -> T

TRUE (RED-LPUSH l 1) -> T

TRUE (RED-LPUSH l 0) -> T

= 2 (RED-LLEN l) -> T

EQUAL '(0 1) (RED-LRANGE l 0 1) -> T

EQUAL '(0) (RED-LRANGE l 0 0) -> T

EQUAL '(0 1) (RED-LRANGE l 0 2) -> T

EQUAL '(0 1) (RED-LRANGE l 0 10) -> T

EQUAL '(1) (RED-LRANGE l 1 1) -> T

NULL (RED-LRANGE l 2 1) -> T

NULL (RED-LRANGE l 2 3) -> T

STRING= 0 (RED-LINDEX l 0) -> T

TRUE (RED-LSET l 0 a) -> T

EQUAL '(a 1) (RED-LRANGE l 0 10) -> T

TRUE (RED-LTRIM l 0 0) -> T

EQUAL '(a) (RED-LRANGE l 0 10) -> T

TRUE (RED-LTRIM l 2 3) -> T

NULL (RED-LRANGE l 0 10) -> T

TRUE (RED-LPUSH l 2) -> T

TRUE (RED-RPUSH l 3) -> T

TRUE (RED-RPUSH l 4) -> T

STRING= 2 (RED-LPOP l) -> T

STRING= 4 (RED-RPOP l) -> T

TRUE (RED-SADD s 1) -> T

NULL (RED-SADD s 1) -> T

TRUE (RED-SADD s 2) -> T

FIND-S '(2 1) (RED-SPOP s) -> T

TRUE (OR (RED-SADD s 2) (RED-SADD s 1)) -> T

TRUE (RED-SREM s 1) -> T

STRING= 2 (RED-SPOP s) -> T

NULL (RED-SPOP s) -> T

TRUE (RED-SADD s 2) -> T

TRUE (RED-SISMEMBER s 2) -> T

TRUE (RED-SADD s 1) -> T

TRUE (RED-SMOVE s s2 1) -> T

TRUE (RED-SISMEMBER s2 1) -> T

NULL (RED-SMOVE s s2 3) -> T

NULL (RED-SISMEMBER s2 3) -> T

TRUE (RED-SADD s 1) -> T

TRUE (RED-SMOVE s s2 1) -> T

= 1 (RED-SCARD s) -> T

NULL (RED-SINTER s s2) -> T

TRUE (RED-SADD s 1) -> T

EQUAL '(1) (RED-SINTER s s2) -> T

TRUE (RED-SINTERSTORE s3 s s2) -> T

EQUAL '(1) (RED-SMEMBERS s3) -> T

EQUAL '(1 2) (RED-SUNION s s2) -> T

TRUE (RED-SUNIONSTORE s4 s s2) -> T

EQUAL '(1 2) (RED-SMEMBERS s4) -> T

EQUAL '(2) (RED-SDIFF s4 s3) -> T

TRUE (RED-SDIFFSTORE s5 s4 s3) -> T

EQUAL '(2) (RED-SMEMBERS s5) -> T

TRUE (RED-SAVE) -> T

TRUE (RED-BGSAVE) -> T

INTEGERP (RED-LASTSAVE) -> T

TRUE (RED-FLUSHDB) -> T

17:00:40 | test #2 result: T

17:00:40 | test #3: SORT
TRUE (RED-PING) -> T

TRUE (RED-SELECT 15) -> T

TRUE (RED-FLUSHDB) -> T

TRUE (RED-RPUSH numbers 1) -> T

TRUE (RED-RPUSH numbers 2) -> T

TRUE (RED-RPUSH numbers 3) -> T

TRUE (RED-SET object_1 o1) -> T

TRUE (RED-SET object_2 o2) -> T

TRUE (RED-SET object_3 o3) -> T

TRUE (RED-SET weight_1 47) -> T

TRUE (RED-SET weight_2 13) -> T

TRUE (RED-SET weight_3 32) -> T

EQUAL '(1 2 3) (RED-SORT numbers) -> T

EQUAL '(3 2 1) (RED-SORT numbers DESC T) -> T

EQUAL '(2 3 1) (RED-SORT numbers BY weight_*) -> T

EQUAL '(o2 o3 o1) (RED-SORT numbers BY weight_* GET object_*) -> T

EQUAL '(o1 o3 o2) (RED-SORT numbers BY weight_* GET object_* DESC T) -> T

TRUE (RED-FLUSHDB) -> T

17:00:40 | test #3 result: T

